

*******************************************************************************
Tue Jun 24 14:40:36 2025


FIT:    data read from 'timing.txt' using 1:2
        format = x:z
        #datapoints = 199
        residuals are weighted equally (unit weight)

function used for fitting: f(x)
	f(x) = a*x**2
fitted parameters initialized with current variable values

iter      chisq       delta/lim  lambda   a            
   0 6.4790282064e+10   0.00e+00  1.80e+04    1.000000e+00
   4 6.2016947654e+01  -1.15e-11  1.80e+00    9.556126e-05

After 4 iterations the fit converged.
final sum of squares of residuals : 62.0169
rel. change during last iteration : -1.14572e-16

degrees of freedom    (FIT_NDF)                        : 198
rms of residuals      (FIT_STDFIT) = sqrt(WSSR/ndf)    : 0.559658
variance of residuals (reduced chisquare) = WSSR/ndf   : 0.313217

Final set of parameters            Asymptotic Standard Error
=======================            ==========================
a               = 9.55613e-05      +/- 2.198e-06    (2.301%)
