

*******************************************************************************
Thu May  8 18:10:30 2025


FIT:    data read from 'circle_errors.txt' using 1:3
        format = x:z
        #datapoints = 97
        residuals are weighted equally (unit weight)

function used for fitting: f(x)
	f(x) = a * x**(-0.5)
fitted parameters initialized with current variable values

iter      chisq       delta/lim  lambda   a            
   0 1.5806080908e+00   0.00e+00  1.06e-01    1.000000e+00
   2 1.4787542739e+00  -7.17e-01  1.06e-03    1.304308e+00

After 2 iterations the fit converged.
final sum of squares of residuals : 1.47875
rel. change during last iteration : -7.17182e-06

degrees of freedom    (FIT_NDF)                        : 96
rms of residuals      (FIT_STDFIT) = sqrt(WSSR/ndf)    : 0.124112
variance of residuals (reduced chisquare) = WSSR/ndf   : 0.0154037

Final set of parameters            Asymptotic Standard Error
=======================            ==========================
a               = 1.30431          +/- 0.1183       (9.073%)
