

*******************************************************************************
Mon Apr  7 12:13:44 2025


FIT:    data read from 'timing.txt' using 1:2
        format = x:z
        #datapoints = 50
        residuals are weighted equally (unit weight)

function used for fitting: f(x)
	f(x) = a*x**3
fitted parameters initialized with current variable values

iter      chisq       delta/lim  lambda   a            
   0 1.8683578498e+15   0.00e+00  6.11e+06    1.000000e+00
   4 2.5236526949e+01  -4.55e-04  6.11e+02    4.054483e-06

After 4 iterations the fit converged.
final sum of squares of residuals : 25.2365
rel. change during last iteration : -4.55234e-09

degrees of freedom    (FIT_NDF)                        : 49
rms of residuals      (FIT_STDFIT) = sqrt(WSSR/ndf)    : 0.717657
variance of residuals (reduced chisquare) = WSSR/ndf   : 0.515031

Final set of parameters            Asymptotic Standard Error
=======================            ==========================
a               = 4.05448e-06      +/- 1.66e-08     (0.4095%)
